<?xml version="1.0" encoding="utf-8"?><testsuites><testsuite name="pytest" errors="0" failures="0" skipped="0" tests="9" time="0.803" timestamp="2022-08-22T18:35:22.234168" hostname="P15v"><testcase classname="tests.test_unit" name="test_get_alumnos" time="0.101" /><testcase classname="tests.test_unit" name="test_get_alumno" time="0.048" /><testcase classname="tests.test_unit" name="test_get_alumno_404" time="0.031" /><testcase classname="tests.test_unit" name="test_post_alumno" time="0.037" /><testcase classname="tests.test_unit" name="test_post_alumno_409" time="0.033" /><testcase classname="tests.test_unit" name="test_put_alumno" time="0.042" /><testcase classname="tests.test_unit" name="test_put_alumno_404" time="0.031" /><testcase classname="tests.test_unit" name="test_delete_alumno" time="0.040" /><testcase classname="tests.test_unit" name="test_delete_alumno_404" time="0.030" /></testsuite></testsuites>